This is pdfTeX, Version 3.1415926-2.5-1.40.14 (MiKTeX 2.9) (preloaded format=pdflatex 2014.12.7)  27 DEC 2014 23:08
entering extended mode
**D:/paper/LaTex/gpsa.tex
(D:/paper/LaTex/gpsa.tex
LaTeX2e <2011/06/27>
Babel <v3.8m> and hyphenation patterns for english, afrikaans, ancientgreek, ar
abic, armenian, assamese, basque, bengali, bokmal, bulgarian, catalan, coptic, 
croatian, czech, danish, dutch, esperanto, estonian, farsi, finnish, french, ga
lician, german, german-x-2013-05-26, greek, gujarati, hindi, hungarian, iceland
ic, indonesian, interlingua, irish, italian, kannada, kurmanji, latin, latvian,
 lithuanian, malayalam, marathi, mongolian, mongolianlmc, monogreek, ngerman, n
german-x-2013-05-26, nynorsk, oriya, panjabi, pinyin, polish, portuguese, roman
ian, russian, sanskrit, serbian, slovak, slovenian, spanish, swedish, swissgerm
an, tamil, telugu, turkish, turkmen, ukenglish, ukrainian, uppersorbian, usengl
ishmax, welsh, loaded.
("d:\Program Files\MiKTeX 2.9\tex\latex\base\article.cls"
Document Class: article 2007/10/19 v1.4h Standard LaTeX document class
("d:\Program Files\MiKTeX 2.9\tex\latex\base\size10.clo"
File: size10.clo 2007/10/19 v1.4h Standard LaTeX file (size option)
)
\c@part=\count79
\c@section=\count80
\c@subsection=\count81
\c@subsubsection=\count82
\c@paragraph=\count83
\c@subparagraph=\count84
\c@figure=\count85
\c@table=\count86
\abovecaptionskip=\skip41
\belowcaptionskip=\skip42
\bibindent=\dimen102
)
("d:\Program Files\MiKTeX 2.9\tex\latex\graphics\graphicx.sty"
Package: graphicx 1999/02/16 v1.0f Enhanced LaTeX Graphics (DPC,SPQR)

("d:\Program Files\MiKTeX 2.9\tex\latex\graphics\keyval.sty"
Package: keyval 1999/03/16 v1.13 key=value parser (DPC)
\KV@toks@=\toks14
)
("d:\Program Files\MiKTeX 2.9\tex\latex\graphics\graphics.sty"
Package: graphics 2009/02/05 v1.0o Standard LaTeX Graphics (DPC,SPQR)

("d:\Program Files\MiKTeX 2.9\tex\latex\graphics\trig.sty"
Package: trig 1999/03/16 v1.09 sin cos tan (DPC)
)
("d:\Program Files\MiKTeX 2.9\tex\latex\00miktex\graphics.cfg"
File: graphics.cfg 2007/01/18 v1.5 graphics configuration of teTeX/TeXLive
)
Package graphics Info: Driver file: pdftex.def on input line 91.

("d:\Program Files\MiKTeX 2.9\tex\latex\pdftex-def\pdftex.def"
File: pdftex.def 2011/05/27 v0.06d Graphics/color for pdfTeX

("d:\Program Files\MiKTeX 2.9\tex\generic\oberdiek\infwarerr.sty"
Package: infwarerr 2010/04/08 v1.3 Providing info/warning/error messages (HO)
)
("d:\Program Files\MiKTeX 2.9\tex\generic\oberdiek\ltxcmds.sty"
Package: ltxcmds 2011/11/09 v1.22 LaTeX kernel commands for general use (HO)
)
\Gread@gobject=\count87
))
\Gin@req@height=\dimen103
\Gin@req@width=\dimen104
)
(D:\paper\LaTex\gpsa.aux)
LaTeX Font Info:    Checking defaults for OML/cmm/m/it on input line 5.
LaTeX Font Info:    ... okay on input line 5.
LaTeX Font Info:    Checking defaults for T1/cmr/m/n on input line 5.
LaTeX Font Info:    ... okay on input line 5.
LaTeX Font Info:    Checking defaults for OT1/cmr/m/n on input line 5.
LaTeX Font Info:    ... okay on input line 5.
LaTeX Font Info:    Checking defaults for OMS/cmsy/m/n on input line 5.
LaTeX Font Info:    ... okay on input line 5.
LaTeX Font Info:    Checking defaults for OMX/cmex/m/n on input line 5.
LaTeX Font Info:    ... okay on input line 5.
LaTeX Font Info:    Checking defaults for U/cmr/m/n on input line 5.
LaTeX Font Info:    ... okay on input line 5.

(C:\Users\doro\AppData\Roaming\MiKTeX\2.9\tex\context\base\supp-pdf.mkii
[Loading MPS to PDF converter (version 2006.09.02).]
\scratchcounter=\count88
\scratchdimen=\dimen105
\scratchbox=\box26
\nofMPsegments=\count89
\nofMParguments=\count90
\everyMPshowfont=\toks15
\MPscratchCnt=\count91
\MPscratchDim=\dimen106
\MPnumerator=\count92
\makeMPintoPDFobject=\count93
\everyMPtoPDFconversion=\toks16
)
LaTeX Font Info:    External font `cmex10' loaded for size
(Font)              <12> on input line 6.
LaTeX Font Info:    External font `cmex10' loaded for size
(Font)              <8> on input line 6.
LaTeX Font Info:    External font `cmex10' loaded for size
(Font)              <6> on input line 6.
Missing character: There is no â in font cmr10!
Missing character: There is no € in font cmr10!
Missing character: There is no ™ in font cmr10!

Underfull \hbox (badness 6910) in paragraph at lines 13--19
\OT1/cmr/m/n/10 Graph al-go-rithms are be-com-ing in-creas-ingly
 []


Underfull \hbox (badness 1817) in paragraph at lines 13--19
\OT1/cmr/m/n/10 large-scale graphs is one of the most ur-gent
 []


Underfull \hbox (badness 1127) in paragraph at lines 13--19
\OT1/cmr/m/n/10 Motivated by the de-mands, there are al-ready
 []


Underfull \hbox (badness 1776) in paragraph at lines 13--19
\OT1/cmr/m/n/10 scale graphs with dis-tributed sys-tem such as
 []


Underfull \hbox (badness 4366) in paragraph at lines 13--19
\OT1/cmr/m/n/10 Pre-gle, Pow-er-Graph and GPS, pro-posed by
 []


Underfull \hbox (badness 1496) in paragraph at lines 13--19
\OT1/cmr/m/n/10 rea-son-able per-for-mance, such as Mizan which
 []


Underfull \hbox (badness 1231) in paragraph at lines 13--19
\OT1/cmr/m/n/10 dis-tributed al-go-rithm on dis-tributed sys-tem is
 []


Underfull \hbox (badness 1454) in paragraph at lines 13--19
\OT1/cmr/m/n/10 dis-tributed graph en-gines. With com-pli-cated
 []


Underfull \hbox (badness 3108) in paragraph at lines 13--19
\OT1/cmr/m/n/10 Parallelism im-proves the com-put-ing ef-fi-ciency
 []


Underfull \hbox (badness 2134) in paragraph at lines 13--19
\OT1/cmr/m/n/10 of par-al-lel com-put-ing in sci-en-tific com-put-ing,
 []


Underfull \hbox (badness 1292) in paragraph at lines 13--19
\OT1/cmr/m/n/10 ing ap-pears to be nec-es-sary to over-come the
 []


Underfull \hbox (badness 1205) in paragraph at lines 13--19
\OT1/cmr/m/n/10 char-ac-ter-is-tics of the graphs make them hard
 []


Underfull \hbox (badness 1796) in paragraph at lines 13--19
\OT1/cmr/m/n/10 problem-solving ap-proaches. Vertex-centric is
 []


Underfull \hbox (badness 10000) in paragraph at lines 13--19

 []


Underfull \vbox (badness 10000) has occurred while \output is active []

 [1{C:/Users/doro/AppData/Local/MiKTeX/2.9/pdftex/config/pdftex.map}


]
Underfull \hbox (badness 1142) in paragraph at lines 26--31
\OT1/cmr/m/n/10 Distributed Sys-tems: Pregel is a syn-chronous
 []

[2]
Missing character: There is no â in font cmr10!
Missing character: There is no € in font cmr10!
Missing character: There is no ” in font cmr10!
Missing character: There is no â in font cmr10!
Missing character: There is no € in font cmr10!
Missing character: There is no ” in font cmr10!
Missing character: There is no â in font cmr10!
Missing character: There is no € in font cmr10!
Missing character: There is no ” in font cmr10!
Missing character: There is no â in font cmr10!
Missing character: There is no € in font cmr10!
Missing character: There is no ” in font cmr10!

Underfull \hbox (badness 4752) in paragraph at lines 40--40
[]\OT1/cmr/bx/n/12 Model of Com-pu-ta-tion with
 []


Underfull \hbox (badness 1496) in paragraph at lines 42--46
\OT1/cmr/m/n/10 Bulk Syn-chronous Par-al-lel (BSP) com-pu-ta-tion
 []


Underfull \hbox (badness 1210) in paragraph at lines 42--46
\OT1/cmr/m/n/10 Within super-step, all ver-tices ker-nels run si-
 []


Underfull \hbox (badness 10000) in paragraph at lines 42--46

 []

[3]

pdfTeX warning: pdflatex.EXE (file D:/paper/LaTex/figure/computemodel.pdf): PDF
 inclusion: found PDF version <1.6>, but at most version <1.5> allowed
<figure/computemodel.pdf, id=15, 243.32738pt x 148.11235pt>
File: figure/computemodel.pdf Graphic file (type pdf)

<use figure/computemodel.pdf>
Package pdftex.def Info: figure/computemodel.pdf used on input line 50.
(pdftex.def)             Requested size: 253.11502pt x 154.0784pt.
LaTeX Font Info:    External font `cmex10' loaded for size
(Font)              <7> on input line 51.
LaTeX Font Info:    External font `cmex10' loaded for size
(Font)              <5> on input line 51.

Overfull \hbox (411.79724pt too wide) in paragraph at lines 49--52
 []$[]$ 
 []


Underfull \hbox (badness 10000) in paragraph at lines 55--56

 []


Underfull \vbox (badness 5832) has occurred while \output is active []

 [4 <D:/paper/LaTex/figure/computemodel.pdf>]

LaTeX Warning: File `figure/memorymapping.pdf' not found on input line 69.


! Package pdftex.def Error: File `figure/memorymapping.pdf' not found.

See the pdftex.def package documentation for explanation.
Type  H <return>  for immediate help.
 ...                                              
                                                  
l.69 ...xtwidth,angle=0]{figure/memorymapping.pdf}
                                                  
? 
! Emergency stop.
 ...                                              
                                                  
l.69 ...xtwidth,angle=0]{figure/memorymapping.pdf}
                                                  
Using draft setting for this image.
Try typing  <return>  to proceed.
If that doesn't work, type  X <return>  to quit.

 
Here is how much of TeX's memory you used:
 1132 strings out of 493921
 14883 string characters out of 3147285
 77008 words of memory out of 3000000
 4467 multiletter control sequences out of 15000+200000
 7587 words of font info for 27 fonts, out of 3000000 for 9000
 841 hyphenation exceptions out of 8191
 27i,9n,19p,1483b,272s stack positions out of 5000i,500n,10000p,200000b,50000s
!  ==> Fatal error occurred, no output PDF file produced!
